Using pre-set license

 COMMAND LINE ARGUMENTS:
/Applications/2020.2.1f1/Unity.app/Contents/MacOS/Unity
-adb2
-batchMode
-noUpm
-name
AssetImportWorker0
-projectPath
/Users/YoshikazuTanami/Downloads/TechUnity/AssetTest
-logFile
Logs/AssetImportWorker0.log
-srvPort
58195
Successfully changed project path to: /Users/YoshikazuTanami/Downloads/TechUnity/AssetTest
/Users/YoshikazuTanami/Downloads/TechUnity/AssetTest
Using Asset Import Pipeline V2.
Refreshing native plugins compatible for Editor in 26.40 ms, found 1 plugins.
Preloading 0 native plugins for Editor in 0.00 ms.
Initialize engine version: 2020.2.1f1 (270dd8c3da1c)
[Subsystems] Discovering subsystems at path /Applications/2020.2.1f1/Unity.app/Contents/Resources/UnitySubsystems
[Subsystems] Discovering subsystems at path /Users/YoshikazuTanami/Downloads/TechUnity/AssetTest/Assets
GfxDevice: creating device client; threaded=0
2021-04-19 17:52:42.053 Unity[40687:16243927] Color LCD preferred device: Intel(R) Iris(TM) Plus Graphics (low power)
2021-04-19 17:52:42.053 Unity[40687:16243927] Metal devices available: 1
2021-04-19 17:52:42.054 Unity[40687:16243927] 0: Intel(R) Iris(TM) Plus Graphics (low power)
2021-04-19 17:52:42.054 Unity[40687:16243927] Using device Intel(R) Iris(TM) Plus Graphics (low power)
Initializing Metal device caps: Intel(R) Iris(TM) Plus Graphics
Initialize mono
Mono path[0] = '/Applications/2020.2.1f1/Unity.app/Contents/Managed'
Mono path[1] = '/Applications/2020.2.1f1/Unity.app/Contents/MonoBleedingEdge/lib/mono/unityjit'
Mono config path = '/Applications/2020.2.1f1/Unity.app/Contents/MonoBleedingEdge/etc'
Using monoOptions --debugger-agent=transport=dt_socket,embedding=1,server=y,suspend=n,address=127.0.0.1:56687
Begin MonoManager ReloadAssembly
Registering precompiled unity dll's ...
Register platform support module: /Applications/2020.2.1f1/PlaybackEngines/WebGLSupport/UnityEditor.WebGL.Extensions.dll
Register platform support module: /Applications/2020.2.1f1/Unity.app/Contents/PlaybackEngines/MacStandaloneSupport/UnityEditor.OSXStandalone.Extensions.dll
Registered in 0.004953 seconds.
Native extension for OSXStandalone target not found
Native extension for WebGL target not found
Refreshing native plugins compatible for Editor in 23.28 ms, found 1 plugins.
Preloading 0 native plugins for Editor in 0.00 ms.
Invoked RoslynAnalysisRunner static constructor.
RoslynAnalysisRunner will not be running.
RoslynAnalysisRunner has terminated.
Mono: successfully reloaded assembly
- Completed reload, in  5.345 seconds
Platform modules already initialized, skipping
Registering precompiled user dll's ...
Registered in 0.001736 seconds.
Begin MonoManager ReloadAssembly
Native extension for OSXStandalone target not found
Native extension for WebGL target not found
Refreshing native plugins compatible for Editor in 0.21 ms, found 1 plugins.
Preloading 0 native plugins for Editor in 0.00 ms.
Invoked RoslynAnalysisRunner static constructor.
RoslynAnalysisRunner will not be running.
RoslynAnalysisRunner has terminated.
Mono: successfully reloaded assembly
- Completed reload, in  1.067 seconds
Platform modules already initialized, skipping
========================================================================
Worker process is ready to serve import requests
Launching external process: /Applications/2020.2.1f1/Unity.app/Contents/Tools/UnityShaderCompiler
Launched and connected shader compiler UnityShaderCompiler after 0.04 seconds
Refreshing native plugins compatible for Editor in 0.19 ms, found 1 plugins.
Preloading 0 native plugins for Editor in 0.00 ms.
Unloading 1106 Unused Serialized files (Serialized files now loaded: 0)
System memory in use before: 116.9 MB.
System memory in use after: 116.9 MB.

Unloading 9 unused Assets to reduce memory usage. Loaded Objects now: 1551.
Total: 2.535897 ms (FindLiveObjects: 0.143919 ms CreateObjectMapping: 0.043346 ms MarkObjects: 2.283096 ms  DeleteObjects: 0.063588 ms)

========================================================================
Received Import Request.
  path: Assets/GameScene/GameScene.unity
  artifactKey: Guid(0b18782437fc2334baebc4267ae1aa78) Importer(815301076,1909f56bfc062723c751e8b465ee728b)
Start importing Assets/GameScene/GameScene.unity using Guid(0b18782437fc2334baebc4267ae1aa78) Importer(815301076,1909f56bfc062723c751e8b465ee728b)  -> (artifact id: 'a6abd07256d7b77938920a45b4b10d98') in 0.012511 seconds
  Import took 0.014593 seconds .

========================================================================
Received Prepare
Refreshing native plugins compatible for Editor in 1.74 ms, found 1 plugins.
Preloading 0 native plugins for Editor in 0.00 ms.
Unloading 3 Unused Serialized files (Serialized files now loaded: 0)
System memory in use before: 95.2 MB.
System memory in use after: 95.3 MB.

Unloading 2 unused Assets to reduce memory usage. Loaded Objects now: 1551.
Total: 1.741315 ms (FindLiveObjects: 0.173547 ms CreateObjectMapping: 0.035628 ms MarkObjects: 1.512165 ms  DeleteObjects: 0.018739 ms)

