Using pre-set license

 COMMAND LINE ARGUMENTS:
/Applications/2020.2.1f1/Unity.app/Contents/MacOS/Unity
-adb2
-batchMode
-noUpm
-name
AssetImportWorker0
-projectPath
/Users/YoshikazuTanami/Downloads/TechUnity/AssetTest
-logFile
Logs/AssetImportWorker0.log
-srvPort
56542
Successfully changed project path to: /Users/YoshikazuTanami/Downloads/TechUnity/AssetTest
/Users/YoshikazuTanami/Downloads/TechUnity/AssetTest
Using Asset Import Pipeline V2.
Refreshing native plugins compatible for Editor in 26.90 ms, found 1 plugins.
Preloading 0 native plugins for Editor in 0.00 ms.
Initialize engine version: 2020.2.1f1 (270dd8c3da1c)
[Subsystems] Discovering subsystems at path /Applications/2020.2.1f1/Unity.app/Contents/Resources/UnitySubsystems
[Subsystems] Discovering subsystems at path /Users/YoshikazuTanami/Downloads/TechUnity/AssetTest/Assets
GfxDevice: creating device client; threaded=0
2021-04-26 15:14:46.138 Unity[3458:22509022] Color LCD preferred device: Intel(R) Iris(TM) Plus Graphics (low power)
2021-04-26 15:14:46.138 Unity[3458:22509022] Metal devices available: 1
2021-04-26 15:14:46.138 Unity[3458:22509022] 0: Intel(R) Iris(TM) Plus Graphics (low power)
2021-04-26 15:14:46.138 Unity[3458:22509022] Using device Intel(R) Iris(TM) Plus Graphics (low power)
Initializing Metal device caps: Intel(R) Iris(TM) Plus Graphics
Initialize mono
Mono path[0] = '/Applications/2020.2.1f1/Unity.app/Contents/Managed'
Mono path[1] = '/Applications/2020.2.1f1/Unity.app/Contents/MonoBleedingEdge/lib/mono/unityjit'
Mono config path = '/Applications/2020.2.1f1/Unity.app/Contents/MonoBleedingEdge/etc'
Using monoOptions --debugger-agent=transport=dt_socket,embedding=1,server=y,suspend=n,address=127.0.0.1:56458
Begin MonoManager ReloadAssembly
Registering precompiled unity dll's ...
Register platform support module: /Applications/2020.2.1f1/PlaybackEngines/WebGLSupport/UnityEditor.WebGL.Extensions.dll
Register platform support module: /Applications/2020.2.1f1/Unity.app/Contents/PlaybackEngines/MacStandaloneSupport/UnityEditor.OSXStandalone.Extensions.dll
Registered in 0.004586 seconds.
Native extension for OSXStandalone target not found
Native extension for WebGL target not found
Refreshing native plugins compatible for Editor in 23.08 ms, found 1 plugins.
Preloading 0 native plugins for Editor in 0.00 ms.
Invoked RoslynAnalysisRunner static constructor.
RoslynAnalysisRunner will not be running.
RoslynAnalysisRunner has terminated.
Mono: successfully reloaded assembly
- Completed reload, in  4.397 seconds
Platform modules already initialized, skipping
Registering precompiled user dll's ...
Registered in 0.001877 seconds.
Begin MonoManager ReloadAssembly
Native extension for OSXStandalone target not found
Native extension for WebGL target not found
Refreshing native plugins compatible for Editor in 0.18 ms, found 1 plugins.
Preloading 0 native plugins for Editor in 0.00 ms.
Invoked RoslynAnalysisRunner static constructor.
RoslynAnalysisRunner will not be running.
RoslynAnalysisRunner has terminated.
Mono: successfully reloaded assembly
- Completed reload, in  0.997 seconds
Platform modules already initialized, skipping
========================================================================
Worker process is ready to serve import requests
Launching external process: /Applications/2020.2.1f1/Unity.app/Contents/Tools/UnityShaderCompiler
Launched and connected shader compiler UnityShaderCompiler after 0.03 seconds
Refreshing native plugins compatible for Editor in 0.21 ms, found 1 plugins.
Preloading 0 native plugins for Editor in 0.00 ms.
Unloading 1106 Unused Serialized files (Serialized files now loaded: 0)
System memory in use before: 117.0 MB.
System memory in use after: 117.0 MB.

Unloading 9 unused Assets to reduce memory usage. Loaded Objects now: 1551.
Total: 2.439627 ms (FindLiveObjects: 0.231751 ms CreateObjectMapping: 0.212945 ms MarkObjects: 1.887905 ms  DeleteObjects: 0.069184 ms)

========================================================================
Received Import Request.
  path: Assets/GameScene/Scripts/ActionModeSwitchButton.cs
  artifactKey: Guid(0d660eb29d7a9a540bcedb76e5b83151) Importer(815301076,1909f56bfc062723c751e8b465ee728b)
Start importing Assets/GameScene/Scripts/ActionModeSwitchButton.cs using Guid(0d660eb29d7a9a540bcedb76e5b83151) Importer(815301076,1909f56bfc062723c751e8b465ee728b)  -> (artifact id: 'd0df5d781a3895c8ccaf48abae5d5470') in 4.159364 seconds
  Import took 4.162611 seconds .

========================================================================
Received Import Request.
  Time since last request: 0.000430 seconds.
  path: Assets/GameScene/Textures/Push.psd
  artifactKey: Guid(7b40d15e87d70ec4b818535474697e31) Importer(815301076,1909f56bfc062723c751e8b465ee728b)
Start importing Assets/GameScene/Textures/Push.psd using Guid(7b40d15e87d70ec4b818535474697e31) Importer(815301076,1909f56bfc062723c751e8b465ee728b)  -> (artifact id: 'a5505a3c805c045e4452d70938029662') in 1.919085 seconds
  Import took 1.921313 seconds .

========================================================================
Received Import Request.
  Time since last request: 0.000369 seconds.
  path: Assets/GameScene/Textures/Pull.psd
  artifactKey: Guid(c598a6ae5e7a9c74b9dfca2f676ddfd8) Importer(815301076,1909f56bfc062723c751e8b465ee728b)
Start importing Assets/GameScene/Textures/Pull.psd using Guid(c598a6ae5e7a9c74b9dfca2f676ddfd8) Importer(815301076,1909f56bfc062723c751e8b465ee728b)  -> (artifact id: '1e71a5223a451314c781c9ceefd88cb9') in 0.014915 seconds
  Import took 0.017191 seconds .

========================================================================
Received Import Request.
  Time since last request: 0.000510 seconds.
  path: Assets/GameScene/Textures/Star.psd
  artifactKey: Guid(1ad40e2e70de9424a9555f6f67c572ac) Importer(815301076,1909f56bfc062723c751e8b465ee728b)
Start importing Assets/GameScene/Textures/Star.psd using Guid(1ad40e2e70de9424a9555f6f67c572ac) Importer(815301076,1909f56bfc062723c751e8b465ee728b)  -> (artifact id: 'eb1d4c54b26ac20cab72035be2cc0f95') in 0.012454 seconds
  Import took 0.015453 seconds .

========================================================================
Received Import Request.
  Time since last request: 0.000281 seconds.
  path: Assets/GameScene/Textures/Wall.psd
  artifactKey: Guid(efa1b72303326114dbd8436b0ca37b85) Importer(815301076,1909f56bfc062723c751e8b465ee728b)
Start importing Assets/GameScene/Textures/Wall.psd using Guid(efa1b72303326114dbd8436b0ca37b85) Importer(815301076,1909f56bfc062723c751e8b465ee728b)  -> (artifact id: 'a27d512cd078ef1f84b88228f934faf0') in 0.013320 seconds
  Import took 0.016212 seconds .

========================================================================
Received Import Request.
  Time since last request: 0.000240 seconds.
  path: Assets/GameScene/Textures/Retry.psd
  artifactKey: Guid(3e6e6a577a844984e8a9fb9b3ec84fc3) Importer(815301076,1909f56bfc062723c751e8b465ee728b)
Start importing Assets/GameScene/Textures/Retry.psd using Guid(3e6e6a577a844984e8a9fb9b3ec84fc3) Importer(815301076,1909f56bfc062723c751e8b465ee728b)  -> (artifact id: '799743f969b83befacbdd01220caeae3') in 0.024918 seconds
  Import took 0.027832 seconds .

========================================================================
Received Import Request.
  Time since last request: 0.000263 seconds.
  path: Assets/GameScene/Textures/Camera.psd
  artifactKey: Guid(953337ed1ae31a54ba8ebbb04dabdbf8) Importer(815301076,1909f56bfc062723c751e8b465ee728b)
Start importing Assets/GameScene/Textures/Camera.psd using Guid(953337ed1ae31a54ba8ebbb04dabdbf8) Importer(815301076,1909f56bfc062723c751e8b465ee728b)  -> (artifact id: 'd8509ab90cceb9edbc17afb3ad1e4c5e') in 0.032852 seconds
  Import took 0.036861 seconds .

========================================================================
Received Import Request.
  Time since last request: 0.000592 seconds.
  path: Assets/GameScene/Textures/Rainbow.psd
  artifactKey: Guid(8e781b387f003de4fbe6678a29c80c4b) Importer(815301076,1909f56bfc062723c751e8b465ee728b)
Start importing Assets/GameScene/Textures/Rainbow.psd using Guid(8e781b387f003de4fbe6678a29c80c4b) Importer(815301076,1909f56bfc062723c751e8b465ee728b)  -> (artifact id: 'b26b14a9a761f56722ecbadfaff481bb') in 0.015640 seconds
  Import took 0.018447 seconds .

========================================================================
Received Import Request.
  Time since last request: 0.000435 seconds.
  path: Assets/GameScene/Scripts/AutoRotateObject.cs
  artifactKey: Guid(3fbfc15f38b90b5499a380301cddac2f) Importer(815301076,1909f56bfc062723c751e8b465ee728b)
Start importing Assets/GameScene/Scripts/AutoRotateObject.cs using Guid(3fbfc15f38b90b5499a380301cddac2f) Importer(815301076,1909f56bfc062723c751e8b465ee728b)  -> (artifact id: '4a5075bab55d0e2199266e639e41fb0d') in 0.004271 seconds
  Import took 0.006895 seconds .

========================================================================
Received Import Request.
  Time since last request: 0.000378 seconds.
  path: Assets/GameScene/Textures/Floor.psd
  artifactKey: Guid(12f351bc2c0c8f2479a911e80bde2df5) Importer(815301076,1909f56bfc062723c751e8b465ee728b)
Start importing Assets/GameScene/Textures/Floor.psd using Guid(12f351bc2c0c8f2479a911e80bde2df5) Importer(815301076,1909f56bfc062723c751e8b465ee728b)  -> (artifact id: 'f7063d76f226f153b6a9abd36ad4d440') in 0.010884 seconds
  Import took 0.013060 seconds .

